

============================== 2025-11-04 01:16:59.071866 | 21f7808b-1cb2-4c88-836a-a9c9df4450b8 ==============================
[0m01:16:59.071910 [info ] [MainThread]: Running with dbt=1.3.1
[0m01:16:59.076357 [debug] [MainThread]: running dbt with arguments {'write_json': True, 'use_colors': True, 'printer_width': 80, 'version_check': True, 'partial_parse': True, 'static_parser': True, 'profiles_dir': '/root/.dbt', 'send_anonymous_usage_stats': True, 'event_buffer_size': 100000, 'quiet': False, 'no_print': False, 'project_name': 'analytics', 'skip_profile_setup': False, 'which': 'init', 'indirect_selection': 'eager'}
[0m01:16:59.080395 [debug] [MainThread]: Tracking: tracking
[0m01:16:59.090494 [debug] [MainThread]: Sending event: {'category': 'dbt', 'action': 'invocation', 'label': 'start', 'context': [<snowplow_tracker.self_describing_json.SelfDescribingJson object at 0x7a6a7769b7f0>, <snowplow_tracker.self_describing_json.SelfDescribingJson object at 0x7a6a77698880>, <snowplow_tracker.self_describing_json.SelfDescribingJson object at 0x7a6a77698430>]}
[0m01:16:59.099354 [debug] [MainThread]: Starter project path: /usr/local/lib/python3.10/site-packages/dbt/include/starter_project
[0m01:16:59.714244 [debug] [MainThread]: Sending event: {'category': 'dbt', 'action': 'invocation', 'label': 'end', 'context': [<snowplow_tracker.self_describing_json.SelfDescribingJson object at 0x7a6a7769bc10>, <snowplow_tracker.self_describing_json.SelfDescribingJson object at 0x7a6a7769be50>, <snowplow_tracker.self_describing_json.SelfDescribingJson object at 0x7a6a77699bd0>]}
[0m01:16:59.724616 [debug] [MainThread]: Flushing usage events
[0m01:17:00.024536 [error] [MainThread]: Encountered an error:

[0m01:17:00.034161 [error] [MainThread]: Traceback (most recent call last):
  File "/usr/local/lib/python3.10/site-packages/dbt/main.py", line 135, in main
    results, succeeded = handle_and_check(args)
  File "/usr/local/lib/python3.10/site-packages/dbt/main.py", line 198, in handle_and_check
    task, res = run_from_args(parsed)
  File "/usr/local/lib/python3.10/site-packages/dbt/main.py", line 245, in run_from_args
    results = task.run()
  File "/usr/local/lib/python3.10/site-packages/dbt/task/init.py", line 329, in run
    if not self.check_if_can_write_profile(profile_name=project_name):
  File "/usr/local/lib/python3.10/site-packages/dbt/task/init.py", line 230, in check_if_can_write_profile
    response = click.confirm(
  File "/usr/local/lib/python3.10/site-packages/click/termui.py", line 237, in confirm
    raise Abort() from None
click.exceptions.Abort



============================== 2025-11-04 01:39:01.099455 | 796d1292-9e3b-4a2e-966e-0fa26d3a848a ==============================
[0m01:39:01.099497 [info ] [MainThread]: Running with dbt=1.3.1
[0m01:39:01.114959 [debug] [MainThread]: running dbt with arguments {'write_json': True, 'use_colors': True, 'printer_width': 80, 'version_check': True, 'partial_parse': True, 'static_parser': True, 'profiles_dir': '/root/.dbt', 'send_anonymous_usage_stats': True, 'event_buffer_size': 100000, 'quiet': False, 'no_print': False, 'project_name': 'analytics', 'skip_profile_setup': False, 'which': 'init', 'indirect_selection': 'eager'}
[0m01:39:01.141734 [debug] [MainThread]: Tracking: tracking
[0m01:39:01.257220 [debug] [MainThread]: Sending event: {'category': 'dbt', 'action': 'invocation', 'label': 'start', 'context': [<snowplow_tracker.self_describing_json.SelfDescribingJson object at 0x75028429f760>, <snowplow_tracker.self_describing_json.SelfDescribingJson object at 0x75028429c880>, <snowplow_tracker.self_describing_json.SelfDescribingJson object at 0x75028429c430>]}
[0m01:39:01.279050 [info ] [MainThread]: A project called analytics already exists here.
[0m01:39:01.282163 [debug] [MainThread]: Sending event: {'category': 'dbt', 'action': 'invocation', 'label': 'end', 'context': [<snowplow_tracker.self_describing_json.SelfDescribingJson object at 0x75028429fe50>, <snowplow_tracker.self_describing_json.SelfDescribingJson object at 0x75028429c2e0>, <snowplow_tracker.self_describing_json.SelfDescribingJson object at 0x75028429c250>]}
[0m01:39:01.301846 [debug] [MainThread]: Flushing usage events
